\BOOKMARK [0][-]{chapter.1}{\376\377\137\025\212\000}{}% 1
\BOOKMARK [1][-]{section.1.1}{\376\377\174\373\176\337\211\201\154\102}{chapter.1}% 2
\BOOKMARK [1][-]{section.1.2}{\376\377\116\013\217\175\116\016\117\177\165\050}{chapter.1}% 3
\BOOKMARK [1][-]{section.1.3}{\376\377\225\356\230\230\123\315\231\210}{chapter.1}% 4
\BOOKMARK [2][-]{subsection.1.3.1}{\376\377\166\356\122\115\134\032\133\130\127\050\166\204\225\356\230\230}{section.1.3}% 5
\BOOKMARK [0][-]{chapter.2}{\376\377\117\177\165\050\173\200\116\313}{}% 6
\BOOKMARK [1][-]{section.2.1}{\376\377\121\110\213\325\213\325\145\110\147\234}{chapter.2}% 7
\BOOKMARK [1][-]{section.2.2}{\376\377\203\003\117\213\145\207\150\143\176\323\147\204}{chapter.2}% 8
\BOOKMARK [0][-]{chapter.3}{\376\377\145\207\150\143\147\266\147\204}{}% 9
\BOOKMARK [1][-]{section.3.1}{\376\377\172\340\202\202\143\247\122\066\155\101\172\013}{chapter.3}% 10
\BOOKMARK [2][-]{subsection.3.1.1}{\376\377\121\150\145\207\155\101\172\013}{section.3.1}% 11
\BOOKMARK [2][-]{subsection.3.1.2}{\376\377\172\340\202\202\213\276\177\156}{section.3.1}% 12
\BOOKMARK [1][-]{section.3.2}{\376\377\116\244\123\311\137\025\165\050}{chapter.3}% 13
\BOOKMARK [2][-]{subsection.3.2.1}{\376\377\121\154\137\017\060\001\126\376\210\150\124\214\143\322\126\376\137\025\165\050}{section.3.2}% 14
\BOOKMARK [2][-]{subsection.3.2.2}{\376\377\145\207\163\056\137\025\165\050}{section.3.2}% 15
\BOOKMARK [0][-]{chapter.4}{\376\377\121\154\137\017\060\001\126\376\210\150\124\214\143\322\126\376}{}% 16
\BOOKMARK [1][-]{section.4.1}{\376\377\121\154\137\017\123\312\147\057\213\355\210\150}{chapter.4}% 17
\BOOKMARK [1][-]{section.4.2}{\376\377\210\150\150\074}{chapter.4}% 18
\BOOKMARK [1][-]{section.4.3}{\376\377\143\322\126\376}{chapter.4}% 19
\BOOKMARK [0][-]{chapter.5}{\376\377\124\010\200\245\135\345\116\032\131\047\133\146\133\146\130\353\133\146\117\115\213\272\145\207\144\260\121\231\150\074\137\017}{}% 20
\BOOKMARK [1][-]{section.5.1}{\376\377\133\146\117\115\213\272\145\207\122\115\177\156\220\350\122\006}{chapter.5}% 21
\BOOKMARK [2][-]{subsection.5.1.1}{\376\377\166\356\137\125}{section.5.1}% 22
\BOOKMARK [2][-]{subsection.5.1.2}{\376\377\144\130\211\201}{section.5.1}% 23
\BOOKMARK [2][-]{subsection.5.1.3}{\376\377\121\163\225\056\213\315}{section.5.1}% 24
\BOOKMARK [2][-]{subsection.5.1.4}{\376\377\000A\000b\000s\000t\000r\000a\000c\000t}{section.5.1}% 25
\BOOKMARK [2][-]{subsection.5.1.5}{\376\377\000K\000e\000y\000w\000o\000r\000d\000s}{section.5.1}% 26
\BOOKMARK [1][-]{section.5.2}{\376\377\133\146\117\115\213\272\145\207\166\204\116\073\211\201\220\350\122\006}{chapter.5}% 27
\BOOKMARK [2][-]{subsection.5.2.1}{\376\377\151\202\217\360}{section.5.2}% 28
\BOOKMARK [2][-]{subsection.5.2.2}{\376\377\153\143\145\207}{section.5.2}% 29
